<?xml version="1.0" encoding="UTF-8"?>
<testsuite name="com.mindex.challenge.service.impl.CompensationServiceImplTest" tests="3" skipped="0" failures="0" errors="0" timestamp="2024-08-01T13:22:43" hostname="LAPTOP-6BQP426B" time="0.366">
  <properties/>
  <testcase name="testDuplicateCompensations" classname="com.mindex.challenge.service.impl.CompensationServiceImplTest" time="0.268"/>
  <testcase name="testCreateRead" classname="com.mindex.challenge.service.impl.CompensationServiceImplTest" time="0.088"/>
  <testcase name="testReadInvalidCompensationId" classname="com.mindex.challenge.service.impl.CompensationServiceImplTest" time="0.008"/>
  <system-out><![CDATA[2024-08-01T09:22:42.092-04:00  INFO 37108 --- [    Test worker] t.c.s.AnnotationConfigContextLoaderUtils : Could not detect default configuration classes for test class [com.mindex.challenge.service.impl.CompensationServiceImplTest]: CompensationServiceImplTest does not declare any static, non-private, non-final, nested classes annotated with @Configuration.
2024-08-01T09:22:42.111-04:00  INFO 37108 --- [    Test worker] .b.t.c.SpringBootTestContextBootstrapper : Found @SpringBootConfiguration com.mindex.challenge.ChallengeApplication for test class com.mindex.challenge.service.impl.CompensationServiceImplTest

  .   ____          _            __ _ _
 /\\ / ___'_ __ _ _(_)_ __  __ _ \ \ \ \
( ( )\___ | '_ | '_| | '_ \/ _` | \ \ \ \
 \\/  ___)| |_)| | | | | || (_| |  ) ) ) )
  '  |____| .__|_| |_|_| |_\__, | / / / /
 =========|_|==============|___/=/_/_/_/
 :: Spring Boot ::                (v3.2.3)

2024-08-01T09:22:42.154-04:00  INFO 37108 --- [    Test worker] c.m.c.s.i.CompensationServiceImplTest    : Starting CompensationServiceImplTest using Java 17.0.12 with PID 37108 (started by Jacob in C:\Users\Jacob\Documents\Coding\Mindex\mindex-code-challenge)
2024-08-01T09:22:42.154-04:00 DEBUG 37108 --- [    Test worker] c.m.c.s.i.CompensationServiceImplTest    : Running with Spring Boot v3.2.3, Spring v6.1.4
2024-08-01T09:22:42.154-04:00  INFO 37108 --- [    Test worker] c.m.c.s.i.CompensationServiceImplTest    : No active profile set, falling back to 1 default profile: "default"
2024-08-01T09:22:42.329-04:00  INFO 37108 --- [    Test worker] .s.d.r.c.RepositoryConfigurationDelegate : Bootstrapping Spring Data MongoDB repositories in DEFAULT mode.
2024-08-01T09:22:42.340-04:00  INFO 37108 --- [    Test worker] .s.d.r.c.RepositoryConfigurationDelegate : Finished Spring Data repository scanning in 10 ms. Found 2 MongoDB repository interfaces.
2024-08-01T09:22:42.566-04:00  INFO 37108 --- [    Test worker] o.s.b.w.embedded.tomcat.TomcatWebServer  : Tomcat initialized with port 0 (http)
2024-08-01T09:22:42.586-04:00  INFO 37108 --- [    Test worker] o.apache.catalina.core.StandardService   : Starting service [Tomcat]
2024-08-01T09:22:42.586-04:00  INFO 37108 --- [    Test worker] o.apache.catalina.core.StandardEngine    : Starting Servlet engine: [Apache Tomcat/10.1.19]
2024-08-01T09:22:42.689-04:00  INFO 37108 --- [    Test worker] o.a.c.c.C.[Tomcat].[localhost].[/]       : Initializing Spring embedded WebApplicationContext
2024-08-01T09:22:42.690-04:00  INFO 37108 --- [    Test worker] w.s.c.ServletWebServerApplicationContext : Root WebApplicationContext: initialization completed in 531 ms
2024-08-01T09:22:42.842-04:00  INFO 37108 --- [    Test worker] de.bwaldvogel.mongo.MongoServer          : started MongoServer(port: 54542, ssl: false)
2024-08-01T09:22:42.847-04:00  INFO 37108 --- [    Test worker] org.mongodb.driver.client                : MongoClient with metadata {"driver": {"name": "mongo-java-driver|sync", "version": "4.11.1"}, "os": {"type": "Windows", "name": "Windows 10", "architecture": "amd64", "version": "10.0"}, "platform": "Java/Oracle Corporation/17.0.12+8-LTS-286"} created with settings MongoClientSettings{readPreference=primary, writeConcern=WriteConcern{w=null, wTimeout=null ms, journal=null}, retryWrites=true, retryReads=true, readConcern=ReadConcern{level=null}, credential=null, transportSettings=null, streamFactoryFactory=null, commandListeners=[], codecRegistry=ProvidersCodecRegistry{codecProviders=[ValueCodecProvider{}, BsonValueCodecProvider{}, DBRefCodecProvider{}, DBObjectCodecProvider{}, DocumentCodecProvider{}, CollectionCodecProvider{}, IterableCodecProvider{}, MapCodecProvider{}, GeoJsonCodecProvider{}, GridFSFileCodecProvider{}, Jsr310CodecProvider{}, JsonObjectCodecProvider{}, BsonCodecProvider{}, EnumCodecProvider{}, com.mongodb.client.model.mql.ExpressionCodecProvider@59838256, com.mongodb.Jep395RecordCodecProvider@131a7516, com.mongodb.KotlinCodecProvider@5ae15]}, loggerSettings=LoggerSettings{maxDocumentLength=1000}, clusterSettings={hosts=[127.0.0.1:54542], srvServiceName=mongodb, mode=SINGLE, requiredClusterType=UNKNOWN, requiredReplicaSetName='null', serverSelector='null', clusterListeners='[]', serverSelectionTimeout='30000 ms', localThreshold='15 ms'}, socketSettings=SocketSettings{connectTimeoutMS=10000, readTimeoutMS=0, receiveBufferSize=0, proxySettings=ProxySettings{host=null, port=null, username=null, password=null}}, heartbeatSocketSettings=SocketSettings{connectTimeoutMS=10000, readTimeoutMS=10000, receiveBufferSize=0, proxySettings=ProxySettings{host=null, port=null, username=null, password=null}}, connectionPoolSettings=ConnectionPoolSettings{maxSize=100, minSize=0, maxWaitTimeMS=120000, maxConnectionLifeTimeMS=0, maxConnectionIdleTimeMS=0, maintenanceInitialDelayMS=0, maintenanceFrequencyMS=60000, connectionPoolListeners=[], maxConnecting=2}, serverSettings=ServerSettings{heartbeatFrequencyMS=10000, minHeartbeatFrequencyMS=500, serverListeners='[]', serverMonitorListeners='[]'}, sslSettings=SslSettings{enabled=false, invalidHostNameAllowed=false, context=null}, applicationName='null', compressorList=[], uuidRepresentation=UNSPECIFIED, serverApi=null, autoEncryptionSettings=null, dnsClient=null, inetAddressResolver=null, contextProvider=null}
2024-08-01T09:22:42.848-04:00  INFO 37108 --- [-server-worker1] d.b.mongo.wire.MongoWireProtocolHandler  : client [id: 0xb862498a, L:/127.0.0.1:54542 - R:/127.0.0.1:54543] connected
2024-08-01T09:22:42.849-04:00  INFO 37108 --- [-server-worker2] d.b.mongo.wire.MongoWireProtocolHandler  : client [id: 0x38508c0d, L:/127.0.0.1:54542 - R:/127.0.0.1:54544] connected
2024-08-01T09:22:42.853-04:00  INFO 37108 --- [127.0.0.1:54542] org.mongodb.driver.cluster               : Monitor thread successfully connected to server with description ServerDescription{address=127.0.0.1:54542, type=STANDALONE, state=CONNECTED, ok=true, minWireVersion=0, maxWireVersion=6, maxDocumentSize=16777216, logicalSessionTimeoutMinutes=null, roundTripTimeNanos=5469800}
2024-08-01T09:22:42.930-04:00  INFO 37108 --- [-server-worker3] d.b.mongo.wire.MongoWireProtocolHandler  : client [id: 0xa1cbee5d, L:/127.0.0.1:54542 - R:/127.0.0.1:54545] connected
2024-08-01T09:22:42.936-04:00  INFO 37108 --- [-server-worker3] d.b.mongo.backend.AbstractMongoBackend   : created database test
2024-08-01T09:22:42.937-04:00  INFO 37108 --- [-server-worker3] d.b.mongo.backend.AbstractMongoDatabase  : adding unique _id index for collection employee
2024-08-01T09:22:42.937-04:00  INFO 37108 --- [-server-worker3] d.b.mongo.backend.AbstractMongoDatabase  : created collection test.employee
2024-08-01T09:22:43.088-04:00  INFO 37108 --- [    Test worker] o.s.b.w.embedded.tomcat.TomcatWebServer  : Tomcat started on port 54546 (http) with context path ''
2024-08-01T09:22:43.091-04:00  INFO 37108 --- [    Test worker] c.m.c.s.i.CompensationServiceImplTest    : Started CompensationServiceImplTest in 0.976 seconds (process running for 7.635)
2024-08-01T09:22:43.257-04:00  INFO 37108 --- [o-auto-1-exec-1] o.a.c.c.C.[Tomcat].[localhost].[/]       : Initializing Spring DispatcherServlet 'dispatcherServlet'
2024-08-01T09:22:43.258-04:00  INFO 37108 --- [o-auto-1-exec-1] o.s.web.servlet.DispatcherServlet        : Initializing Servlet 'dispatcherServlet'
2024-08-01T09:22:43.259-04:00  INFO 37108 --- [o-auto-1-exec-1] o.s.web.servlet.DispatcherServlet        : Completed initialization in 1 ms
2024-08-01T09:22:43.301-04:00 DEBUG 37108 --- [o-auto-1-exec-1] c.m.c.controller.EmployeeController      : Received employee create request for [First Name: Bob, Last Name: Smith, Department: Engineering, Position: Developer, ID: null]
2024-08-01T09:22:43.301-04:00 DEBUG 37108 --- [o-auto-1-exec-1] c.m.c.service.impl.EmployeeServiceImpl   : Creating employee [First Name: Bob, Last Name: Smith, Department: Engineering, Position: Developer, ID: null]
2024-08-01T09:22:43.320-04:00 DEBUG 37108 --- [    Test worker] c.m.c.s.impl.CompensationServiceImpl     : Creating compensation [com.mindex.challenge.data.Compensation@3d5e0bf0]
2024-08-01T09:22:43.343-04:00  INFO 37108 --- [-server-worker3] d.b.mongo.backend.AbstractMongoDatabase  : adding unique _id index for collection compensation
2024-08-01T09:22:43.346-04:00  INFO 37108 --- [-server-worker3] d.b.mongo.backend.AbstractMongoDatabase  : created collection test.compensation
2024-08-01T09:22:43.351-04:00 DEBUG 37108 --- [    Test worker] c.m.c.s.impl.CompensationServiceImpl     : Creating compensation [com.mindex.challenge.data.Compensation@3d5e0bf0]
2024-08-01T09:22:43.381-04:00 DEBUG 37108 --- [o-auto-1-exec-2] c.m.c.controller.EmployeeController      : Received employee create request for [First Name: Bob, Last Name: Smith, Department: Engineering, Position: Developer, ID: null]
2024-08-01T09:22:43.382-04:00 DEBUG 37108 --- [o-auto-1-exec-2] c.m.c.service.impl.EmployeeServiceImpl   : Creating employee [First Name: Bob, Last Name: Smith, Department: Engineering, Position: Developer, ID: null]
2024-08-01T09:22:43.415-04:00 DEBUG 37108 --- [o-auto-1-exec-3] c.m.c.controller.EmployeeController      : Received compensation create request for [com.mindex.challenge.data.Compensation@6db35eef]
2024-08-01T09:22:43.415-04:00 DEBUG 37108 --- [o-auto-1-exec-3] c.m.c.s.impl.CompensationServiceImpl     : Creating compensation [com.mindex.challenge.data.Compensation@6db35eef]
2024-08-01T09:22:43.433-04:00 DEBUG 37108 --- [o-auto-1-exec-4] c.m.c.controller.EmployeeController      : Received employee read request for id [5ccae7a1-7264-4dd5-a66c-a371b050b155]
2024-08-01T09:22:43.433-04:00 DEBUG 37108 --- [o-auto-1-exec-4] c.m.c.service.impl.EmployeeServiceImpl   : Retrieving employee with id [5ccae7a1-7264-4dd5-a66c-a371b050b155]
2024-08-01T09:22:43.444-04:00 DEBUG 37108 --- [o-auto-1-exec-5] c.m.c.controller.EmployeeController      : Received compensation read request for id [b7df199d-2487-4f58-a478-703be7899cf8]
2024-08-01T09:22:43.445-04:00 DEBUG 37108 --- [o-auto-1-exec-5] c.m.c.s.impl.CompensationServiceImpl     : Retrieving compensation with id [b7df199d-2487-4f58-a478-703be7899cf8]
2024-08-01T09:22:43.454-04:00 DEBUG 37108 --- [    Test worker] c.m.c.s.impl.CompensationServiceImpl     : Retrieving compensation with id [5]
]]></system-out>
  <system-err><![CDATA[]]></system-err>
</testsuite>
