<?xml version="1.0" encoding="UTF-8"?>
<testsuite name="com.mindex.challenge.service.impl.EmployeeServiceImplTest" tests="1" skipped="0" failures="0" errors="0" timestamp="2024-07-30T17:31:31" hostname="LAPTOP-6BQP426B" time="1.205">
  <properties/>
  <testcase name="testCreateReadUpdate" classname="com.mindex.challenge.service.impl.EmployeeServiceImplTest" time="1.205"/>
  <system-out><![CDATA[13:31:27.268 [Test worker] INFO org.springframework.test.context.support.AnnotationConfigContextLoaderUtils -- Could not detect default configuration classes for test class [com.mindex.challenge.service.impl.EmployeeServiceImplTest]: EmployeeServiceImplTest does not declare any static, non-private, non-final, nested classes annotated with @Configuration.
13:31:27.432 [Test worker] INFO org.springframework.boot.test.context.SpringBootTestContextBootstrapper -- Found @SpringBootConfiguration com.mindex.challenge.ChallengeApplication for test class com.mindex.challenge.service.impl.EmployeeServiceImplTest

  .   ____          _            __ _ _
 /\\ / ___'_ __ _ _(_)_ __  __ _ \ \ \ \
( ( )\___ | '_ | '_| | '_ \/ _` | \ \ \ \
 \\/  ___)| |_)| | | | | || (_| |  ) ) ) )
  '  |____| .__|_| |_|_| |_\__, | / / / /
 =========|_|==============|___/=/_/_/_/
 :: Spring Boot ::                (v3.2.3)

2024-07-30T13:31:27.992-04:00  INFO 23128 --- [    Test worker] c.m.c.s.impl.EmployeeServiceImplTest     : Starting EmployeeServiceImplTest using Java 17.0.12 with PID 23128 (started by Jacob in C:\Users\Jacob\Documents\Coding\Mindex\mindex-code-challenge)
2024-07-30T13:31:27.992-04:00 DEBUG 23128 --- [    Test worker] c.m.c.s.impl.EmployeeServiceImplTest     : Running with Spring Boot v3.2.3, Spring v6.1.4
2024-07-30T13:31:27.994-04:00  INFO 23128 --- [    Test worker] c.m.c.s.impl.EmployeeServiceImplTest     : No active profile set, falling back to 1 default profile: "default"
2024-07-30T13:31:28.576-04:00  INFO 23128 --- [    Test worker] .s.d.r.c.RepositoryConfigurationDelegate : Bootstrapping Spring Data MongoDB repositories in DEFAULT mode.
2024-07-30T13:31:28.632-04:00  INFO 23128 --- [    Test worker] .s.d.r.c.RepositoryConfigurationDelegate : Finished Spring Data repository scanning in 50 ms. Found 1 MongoDB repository interface.
2024-07-30T13:31:29.511-04:00  INFO 23128 --- [    Test worker] o.s.b.w.embedded.tomcat.TomcatWebServer  : Tomcat initialized with port 0 (http)
2024-07-30T13:31:29.526-04:00  INFO 23128 --- [    Test worker] o.apache.catalina.core.StandardService   : Starting service [Tomcat]
2024-07-30T13:31:29.526-04:00  INFO 23128 --- [    Test worker] o.apache.catalina.core.StandardEngine    : Starting Servlet engine: [Apache Tomcat/10.1.19]
2024-07-30T13:31:29.611-04:00  INFO 23128 --- [    Test worker] o.a.c.c.C.[Tomcat].[localhost].[/]       : Initializing Spring embedded WebApplicationContext
2024-07-30T13:31:29.613-04:00  INFO 23128 --- [    Test worker] w.s.c.ServletWebServerApplicationContext : Root WebApplicationContext: initialization completed in 1594 ms
2024-07-30T13:31:30.035-04:00  INFO 23128 --- [    Test worker] de.bwaldvogel.mongo.MongoServer          : started MongoServer(port: 63830, ssl: false)
2024-07-30T13:31:30.227-04:00  INFO 23128 --- [    Test worker] org.mongodb.driver.client                : MongoClient with metadata {"driver": {"name": "mongo-java-driver|sync", "version": "4.11.1"}, "os": {"type": "Windows", "name": "Windows 10", "architecture": "amd64", "version": "10.0"}, "platform": "Java/Oracle Corporation/17.0.12+8-LTS-286"} created with settings MongoClientSettings{readPreference=primary, writeConcern=WriteConcern{w=null, wTimeout=null ms, journal=null}, retryWrites=true, retryReads=true, readConcern=ReadConcern{level=null}, credential=null, transportSettings=null, streamFactoryFactory=null, commandListeners=[], codecRegistry=ProvidersCodecRegistry{codecProviders=[ValueCodecProvider{}, BsonValueCodecProvider{}, DBRefCodecProvider{}, DBObjectCodecProvider{}, DocumentCodecProvider{}, CollectionCodecProvider{}, IterableCodecProvider{}, MapCodecProvider{}, GeoJsonCodecProvider{}, GridFSFileCodecProvider{}, Jsr310CodecProvider{}, JsonObjectCodecProvider{}, BsonCodecProvider{}, EnumCodecProvider{}, com.mongodb.client.model.mql.ExpressionCodecProvider@61b60600, com.mongodb.Jep395RecordCodecProvider@27f71195, com.mongodb.KotlinCodecProvider@340afaf8]}, loggerSettings=LoggerSettings{maxDocumentLength=1000}, clusterSettings={hosts=[127.0.0.1:63830], srvServiceName=mongodb, mode=SINGLE, requiredClusterType=UNKNOWN, requiredReplicaSetName='null', serverSelector='null', clusterListeners='[]', serverSelectionTimeout='30000 ms', localThreshold='15 ms'}, socketSettings=SocketSettings{connectTimeoutMS=10000, readTimeoutMS=0, receiveBufferSize=0, proxySettings=ProxySettings{host=null, port=null, username=null, password=null}}, heartbeatSocketSettings=SocketSettings{connectTimeoutMS=10000, readTimeoutMS=10000, receiveBufferSize=0, proxySettings=ProxySettings{host=null, port=null, username=null, password=null}}, connectionPoolSettings=ConnectionPoolSettings{maxSize=100, minSize=0, maxWaitTimeMS=120000, maxConnectionLifeTimeMS=0, maxConnectionIdleTimeMS=0, maintenanceInitialDelayMS=0, maintenanceFrequencyMS=60000, connectionPoolListeners=[], maxConnecting=2}, serverSettings=ServerSettings{heartbeatFrequencyMS=10000, minHeartbeatFrequencyMS=500, serverListeners='[]', serverMonitorListeners='[]'}, sslSettings=SslSettings{enabled=false, invalidHostNameAllowed=false, context=null}, applicationName='null', compressorList=[], uuidRepresentation=UNSPECIFIED, serverApi=null, autoEncryptionSettings=null, dnsClient=null, inetAddressResolver=null, contextProvider=null}
2024-07-30T13:31:30.265-04:00  INFO 23128 --- [-server-worker1] d.b.mongo.wire.MongoWireProtocolHandler  : client [id: 0x2e04624c, L:/127.0.0.1:63830 - R:/127.0.0.1:63831] connected
2024-07-30T13:31:30.265-04:00  INFO 23128 --- [-server-worker2] d.b.mongo.wire.MongoWireProtocolHandler  : client [id: 0xa5c4003f, L:/127.0.0.1:63830 - R:/127.0.0.1:63832] connected
2024-07-30T13:31:30.413-04:00  INFO 23128 --- [127.0.0.1:63830] org.mongodb.driver.cluster               : Monitor thread successfully connected to server with description ServerDescription{address=127.0.0.1:63830, type=STANDALONE, state=CONNECTED, ok=true, minWireVersion=0, maxWireVersion=6, maxDocumentSize=16777216, logicalSessionTimeoutMinutes=null, roundTripTimeNanos=188545000}
2024-07-30T13:31:30.945-04:00  INFO 23128 --- [-server-worker3] d.b.mongo.wire.MongoWireProtocolHandler  : client [id: 0x44f7b858, L:/127.0.0.1:63830 - R:/127.0.0.1:63833] connected
2024-07-30T13:31:30.983-04:00  INFO 23128 --- [-server-worker3] d.b.mongo.backend.AbstractMongoBackend   : created database test
2024-07-30T13:31:30.988-04:00  INFO 23128 --- [-server-worker3] d.b.mongo.backend.AbstractMongoDatabase  : adding unique _id index for collection employee
2024-07-30T13:31:30.999-04:00  INFO 23128 --- [-server-worker3] d.b.mongo.backend.AbstractMongoDatabase  : created collection test.employee
2024-07-30T13:31:31.463-04:00  INFO 23128 --- [    Test worker] o.s.b.w.embedded.tomcat.TomcatWebServer  : Tomcat started on port 63834 (http) with context path ''
2024-07-30T13:31:31.472-04:00  INFO 23128 --- [    Test worker] c.m.c.s.impl.EmployeeServiceImplTest     : Started EmployeeServiceImplTest in 3.823 seconds (process running for 5.156)
2024-07-30T13:31:32.531-04:00  INFO 23128 --- [o-auto-1-exec-1] o.a.c.c.C.[Tomcat].[localhost].[/]       : Initializing Spring DispatcherServlet 'dispatcherServlet'
2024-07-30T13:31:32.531-04:00  INFO 23128 --- [o-auto-1-exec-1] o.s.web.servlet.DispatcherServlet        : Initializing Servlet 'dispatcherServlet'
2024-07-30T13:31:32.532-04:00  INFO 23128 --- [o-auto-1-exec-1] o.s.web.servlet.DispatcherServlet        : Completed initialization in 1 ms
2024-07-30T13:31:32.587-04:00 DEBUG 23128 --- [o-auto-1-exec-1] c.m.c.controller.EmployeeController      : Received employee create request for [com.mindex.challenge.data.Employee@25dc797]
2024-07-30T13:31:32.587-04:00 DEBUG 23128 --- [o-auto-1-exec-1] c.m.c.service.impl.EmployeeServiceImpl   : Creating employee [com.mindex.challenge.data.Employee@25dc797]
2024-07-30T13:31:32.614-04:00 DEBUG 23128 --- [o-auto-1-exec-2] c.m.c.controller.EmployeeController      : Received employee read request for id [e18b9893-0c3c-4644-ba33-1f9d27a7fa69]
2024-07-30T13:31:32.615-04:00 DEBUG 23128 --- [o-auto-1-exec-2] c.m.c.service.impl.EmployeeServiceImpl   : Retrieving employee with id [e18b9893-0c3c-4644-ba33-1f9d27a7fa69]
2024-07-30T13:31:32.676-04:00 DEBUG 23128 --- [o-auto-1-exec-3] c.m.c.controller.EmployeeController      : Received employee update request for id [e18b9893-0c3c-4644-ba33-1f9d27a7fa69] and employee [com.mindex.challenge.data.Employee@28a98c6f]
2024-07-30T13:31:32.677-04:00 DEBUG 23128 --- [o-auto-1-exec-3] c.m.c.service.impl.EmployeeServiceImpl   : Updating employee [com.mindex.challenge.data.Employee@28a98c6f]
]]></system-out>
  <system-err><![CDATA[]]></system-err>
</testsuite>
