<?xml version="1.0" encoding="UTF-8"?>
<testsuite name="com.mindex.challenge.DataBootstrapTest" tests="1" skipped="0" failures="0" errors="0" timestamp="2024-07-30T15:24:24" hostname="LAPTOP-6BQP426B" time="1.048">
  <properties/>
  <testcase name="test" classname="com.mindex.challenge.DataBootstrapTest" time="1.048"/>
  <system-out><![CDATA[11:24:20.736 [Test worker] INFO org.springframework.test.context.support.AnnotationConfigContextLoaderUtils -- Could not detect default configuration classes for test class [com.mindex.challenge.DataBootstrapTest]: DataBootstrapTest does not declare any static, non-private, non-final, nested classes annotated with @Configuration.
11:24:20.934 [Test worker] INFO org.springframework.boot.test.context.SpringBootTestContextBootstrapper -- Found @SpringBootConfiguration com.mindex.challenge.ChallengeApplication for test class com.mindex.challenge.DataBootstrapTest

  .   ____          _            __ _ _
 /\\ / ___'_ __ _ _(_)_ __  __ _ \ \ \ \
( ( )\___ | '_ | '_| | '_ \/ _` | \ \ \ \
 \\/  ___)| |_)| | | | | || (_| |  ) ) ) )
  '  |____| .__|_| |_|_| |_\__, | / / / /
 =========|_|==============|___/=/_/_/_/
 :: Spring Boot ::                (v3.2.3)

2024-07-30T11:24:21.510-04:00  INFO 39388 --- [    Test worker] com.mindex.challenge.DataBootstrapTest   : Starting DataBootstrapTest using Java 17.0.12 with PID 39388 (started by Jacob in C:\Users\Jacob\Documents\Coding\Mindex\mindex-code-challenge)
2024-07-30T11:24:21.511-04:00 DEBUG 39388 --- [    Test worker] com.mindex.challenge.DataBootstrapTest   : Running with Spring Boot v3.2.3, Spring v6.1.4
2024-07-30T11:24:21.513-04:00  INFO 39388 --- [    Test worker] com.mindex.challenge.DataBootstrapTest   : No active profile set, falling back to 1 default profile: "default"
2024-07-30T11:24:22.235-04:00  INFO 39388 --- [    Test worker] .s.d.r.c.RepositoryConfigurationDelegate : Bootstrapping Spring Data MongoDB repositories in DEFAULT mode.
2024-07-30T11:24:22.294-04:00  INFO 39388 --- [    Test worker] .s.d.r.c.RepositoryConfigurationDelegate : Finished Spring Data repository scanning in 53 ms. Found 1 MongoDB repository interface.
2024-07-30T11:24:23.218-04:00  INFO 39388 --- [    Test worker] de.bwaldvogel.mongo.MongoServer          : started MongoServer(port: 55367, ssl: false)
2024-07-30T11:24:23.417-04:00  INFO 39388 --- [    Test worker] org.mongodb.driver.client                : MongoClient with metadata {"driver": {"name": "mongo-java-driver|sync", "version": "4.11.1"}, "os": {"type": "Windows", "name": "Windows 10", "architecture": "amd64", "version": "10.0"}, "platform": "Java/Oracle Corporation/17.0.12+8-LTS-286"} created with settings MongoClientSettings{readPreference=primary, writeConcern=WriteConcern{w=null, wTimeout=null ms, journal=null}, retryWrites=true, retryReads=true, readConcern=ReadConcern{level=null}, credential=null, transportSettings=null, streamFactoryFactory=null, commandListeners=[], codecRegistry=ProvidersCodecRegistry{codecProviders=[ValueCodecProvider{}, BsonValueCodecProvider{}, DBRefCodecProvider{}, DBObjectCodecProvider{}, DocumentCodecProvider{}, CollectionCodecProvider{}, IterableCodecProvider{}, MapCodecProvider{}, GeoJsonCodecProvider{}, GridFSFileCodecProvider{}, Jsr310CodecProvider{}, JsonObjectCodecProvider{}, BsonCodecProvider{}, EnumCodecProvider{}, com.mongodb.client.model.mql.ExpressionCodecProvider@648c5fb3, com.mongodb.Jep395RecordCodecProvider@47b33e07, com.mongodb.KotlinCodecProvider@7126e26]}, loggerSettings=LoggerSettings{maxDocumentLength=1000}, clusterSettings={hosts=[127.0.0.1:55367], srvServiceName=mongodb, mode=SINGLE, requiredClusterType=UNKNOWN, requiredReplicaSetName='null', serverSelector='null', clusterListeners='[]', serverSelectionTimeout='30000 ms', localThreshold='15 ms'}, socketSettings=SocketSettings{connectTimeoutMS=10000, readTimeoutMS=0, receiveBufferSize=0, proxySettings=ProxySettings{host=null, port=null, username=null, password=null}}, heartbeatSocketSettings=SocketSettings{connectTimeoutMS=10000, readTimeoutMS=10000, receiveBufferSize=0, proxySettings=ProxySettings{host=null, port=null, username=null, password=null}}, connectionPoolSettings=ConnectionPoolSettings{maxSize=100, minSize=0, maxWaitTimeMS=120000, maxConnectionLifeTimeMS=0, maxConnectionIdleTimeMS=0, maintenanceInitialDelayMS=0, maintenanceFrequencyMS=60000, connectionPoolListeners=[], maxConnecting=2}, serverSettings=ServerSettings{heartbeatFrequencyMS=10000, minHeartbeatFrequencyMS=500, serverListeners='[]', serverMonitorListeners='[]'}, sslSettings=SslSettings{enabled=false, invalidHostNameAllowed=false, context=null}, applicationName='null', compressorList=[], uuidRepresentation=UNSPECIFIED, serverApi=null, autoEncryptionSettings=null, dnsClient=null, inetAddressResolver=null, contextProvider=null}
2024-07-30T11:24:23.430-04:00  INFO 39388 --- [-server-worker1] d.b.mongo.wire.MongoWireProtocolHandler  : client [id: 0x26941592, L:/127.0.0.1:55367 - R:/127.0.0.1:55369] connected
2024-07-30T11:24:23.430-04:00  INFO 39388 --- [-server-worker2] d.b.mongo.wire.MongoWireProtocolHandler  : client [id: 0x39757718, L:/127.0.0.1:55367 - R:/127.0.0.1:55368] connected
2024-07-30T11:24:23.559-04:00  INFO 39388 --- [127.0.0.1:55367] org.mongodb.driver.cluster               : Monitor thread successfully connected to server with description ServerDescription{address=127.0.0.1:55367, type=STANDALONE, state=CONNECTED, ok=true, minWireVersion=0, maxWireVersion=6, maxDocumentSize=16777216, logicalSessionTimeoutMinutes=null, roundTripTimeNanos=162810400}
2024-07-30T11:24:24.184-04:00  INFO 39388 --- [-server-worker3] d.b.mongo.wire.MongoWireProtocolHandler  : client [id: 0x8be02a77, L:/127.0.0.1:55367 - R:/127.0.0.1:55370] connected
2024-07-30T11:24:24.227-04:00  INFO 39388 --- [-server-worker3] d.b.mongo.backend.AbstractMongoBackend   : created database test
2024-07-30T11:24:24.234-04:00  INFO 39388 --- [-server-worker3] d.b.mongo.backend.AbstractMongoDatabase  : adding unique _id index for collection employee
2024-07-30T11:24:24.245-04:00  INFO 39388 --- [-server-worker3] d.b.mongo.backend.AbstractMongoDatabase  : created collection test.employee
2024-07-30T11:24:24.854-04:00  INFO 39388 --- [    Test worker] com.mindex.challenge.DataBootstrapTest   : Started DataBootstrapTest in 3.67 seconds (process running for 5.015)
[com.mindex.challenge.data.Employee@4dd752e8, com.mindex.challenge.data.Employee@62c46e53]
]]></system-out>
  <system-err><![CDATA[]]></system-err>
</testsuite>
