<?xml version="1.0" encoding="UTF-8"?>
<testsuite name="com.mindex.challenge.service.impl.EmployeeServiceImplTest" tests="1" skipped="0" failures="0" errors="0" timestamp="2024-07-31T18:11:46" hostname="LAPTOP-6BQP426B" time="1.158">
  <properties/>
  <testcase name="testCreateReadUpdate" classname="com.mindex.challenge.service.impl.EmployeeServiceImplTest" time="1.158"/>
  <system-out><![CDATA[14:11:42.760 [Test worker] INFO org.springframework.test.context.support.AnnotationConfigContextLoaderUtils -- Could not detect default configuration classes for test class [com.mindex.challenge.service.impl.EmployeeServiceImplTest]: EmployeeServiceImplTest does not declare any static, non-private, non-final, nested classes annotated with @Configuration.
14:11:42.915 [Test worker] INFO org.springframework.boot.test.context.SpringBootTestContextBootstrapper -- Found @SpringBootConfiguration com.mindex.challenge.ChallengeApplication for test class com.mindex.challenge.service.impl.EmployeeServiceImplTest

  .   ____          _            __ _ _
 /\\ / ___'_ __ _ _(_)_ __  __ _ \ \ \ \
( ( )\___ | '_ | '_| | '_ \/ _` | \ \ \ \
 \\/  ___)| |_)| | | | | || (_| |  ) ) ) )
  '  |____| .__|_| |_|_| |_\__, | / / / /
 =========|_|==============|___/=/_/_/_/
 :: Spring Boot ::                (v3.2.3)

2024-07-31T14:11:43.422-04:00  INFO 39816 --- [    Test worker] c.m.c.s.impl.EmployeeServiceImplTest     : Starting EmployeeServiceImplTest using Java 17.0.12 with PID 39816 (started by Jacob in C:\Users\Jacob\Documents\Coding\Mindex\mindex-code-challenge)
2024-07-31T14:11:43.423-04:00 DEBUG 39816 --- [    Test worker] c.m.c.s.impl.EmployeeServiceImplTest     : Running with Spring Boot v3.2.3, Spring v6.1.4
2024-07-31T14:11:43.424-04:00  INFO 39816 --- [    Test worker] c.m.c.s.impl.EmployeeServiceImplTest     : No active profile set, falling back to 1 default profile: "default"
2024-07-31T14:11:44.012-04:00  INFO 39816 --- [    Test worker] .s.d.r.c.RepositoryConfigurationDelegate : Bootstrapping Spring Data MongoDB repositories in DEFAULT mode.
2024-07-31T14:11:44.063-04:00  INFO 39816 --- [    Test worker] .s.d.r.c.RepositoryConfigurationDelegate : Finished Spring Data repository scanning in 45 ms. Found 1 MongoDB repository interface.
2024-07-31T14:11:44.870-04:00  INFO 39816 --- [    Test worker] o.s.b.w.embedded.tomcat.TomcatWebServer  : Tomcat initialized with port 0 (http)
2024-07-31T14:11:44.882-04:00  INFO 39816 --- [    Test worker] o.apache.catalina.core.StandardService   : Starting service [Tomcat]
2024-07-31T14:11:44.882-04:00  INFO 39816 --- [    Test worker] o.apache.catalina.core.StandardEngine    : Starting Servlet engine: [Apache Tomcat/10.1.19]
2024-07-31T14:11:44.972-04:00  INFO 39816 --- [    Test worker] o.a.c.c.C.[Tomcat].[localhost].[/]       : Initializing Spring embedded WebApplicationContext
2024-07-31T14:11:44.973-04:00  INFO 39816 --- [    Test worker] w.s.c.ServletWebServerApplicationContext : Root WebApplicationContext: initialization completed in 1522 ms
2024-07-31T14:11:45.370-04:00  INFO 39816 --- [    Test worker] de.bwaldvogel.mongo.MongoServer          : started MongoServer(port: 63433, ssl: false)
2024-07-31T14:11:45.567-04:00  INFO 39816 --- [    Test worker] org.mongodb.driver.client                : MongoClient with metadata {"driver": {"name": "mongo-java-driver|sync", "version": "4.11.1"}, "os": {"type": "Windows", "name": "Windows 10", "architecture": "amd64", "version": "10.0"}, "platform": "Java/Oracle Corporation/17.0.12+8-LTS-286"} created with settings MongoClientSettings{readPreference=primary, writeConcern=WriteConcern{w=null, wTimeout=null ms, journal=null}, retryWrites=true, retryReads=true, readConcern=ReadConcern{level=null}, credential=null, transportSettings=null, streamFactoryFactory=null, commandListeners=[], codecRegistry=ProvidersCodecRegistry{codecProviders=[ValueCodecProvider{}, BsonValueCodecProvider{}, DBRefCodecProvider{}, DBObjectCodecProvider{}, DocumentCodecProvider{}, CollectionCodecProvider{}, IterableCodecProvider{}, MapCodecProvider{}, GeoJsonCodecProvider{}, GridFSFileCodecProvider{}, Jsr310CodecProvider{}, JsonObjectCodecProvider{}, BsonCodecProvider{}, EnumCodecProvider{}, com.mongodb.client.model.mql.ExpressionCodecProvider@24d8f87a, com.mongodb.Jep395RecordCodecProvider@3f048c86, com.mongodb.KotlinCodecProvider@255d9277]}, loggerSettings=LoggerSettings{maxDocumentLength=1000}, clusterSettings={hosts=[127.0.0.1:63433], srvServiceName=mongodb, mode=SINGLE, requiredClusterType=UNKNOWN, requiredReplicaSetName='null', serverSelector='null', clusterListeners='[]', serverSelectionTimeout='30000 ms', localThreshold='15 ms'}, socketSettings=SocketSettings{connectTimeoutMS=10000, readTimeoutMS=0, receiveBufferSize=0, proxySettings=ProxySettings{host=null, port=null, username=null, password=null}}, heartbeatSocketSettings=SocketSettings{connectTimeoutMS=10000, readTimeoutMS=10000, receiveBufferSize=0, proxySettings=ProxySettings{host=null, port=null, username=null, password=null}}, connectionPoolSettings=ConnectionPoolSettings{maxSize=100, minSize=0, maxWaitTimeMS=120000, maxConnectionLifeTimeMS=0, maxConnectionIdleTimeMS=0, maintenanceInitialDelayMS=0, maintenanceFrequencyMS=60000, connectionPoolListeners=[], maxConnecting=2}, serverSettings=ServerSettings{heartbeatFrequencyMS=10000, minHeartbeatFrequencyMS=500, serverListeners='[]', serverMonitorListeners='[]'}, sslSettings=SslSettings{enabled=false, invalidHostNameAllowed=false, context=null}, applicationName='null', compressorList=[], uuidRepresentation=UNSPECIFIED, serverApi=null, autoEncryptionSettings=null, dnsClient=null, inetAddressResolver=null, contextProvider=null}
2024-07-31T14:11:45.576-04:00  INFO 39816 --- [-server-worker1] d.b.mongo.wire.MongoWireProtocolHandler  : client [id: 0x1a1627f3, L:/127.0.0.1:63433 - R:/127.0.0.1:63435] connected
2024-07-31T14:11:45.576-04:00  INFO 39816 --- [-server-worker2] d.b.mongo.wire.MongoWireProtocolHandler  : client [id: 0xb39e576a, L:/127.0.0.1:63433 - R:/127.0.0.1:63434] connected
2024-07-31T14:11:45.701-04:00  INFO 39816 --- [127.0.0.1:63433] org.mongodb.driver.cluster               : Monitor thread successfully connected to server with description ServerDescription{address=127.0.0.1:63433, type=STANDALONE, state=CONNECTED, ok=true, minWireVersion=0, maxWireVersion=6, maxDocumentSize=16777216, logicalSessionTimeoutMinutes=null, roundTripTimeNanos=160812300}
2024-07-31T14:11:46.241-04:00  INFO 39816 --- [-server-worker3] d.b.mongo.wire.MongoWireProtocolHandler  : client [id: 0xd65fbb21, L:/127.0.0.1:63433 - R:/127.0.0.1:63436] connected
2024-07-31T14:11:46.274-04:00  INFO 39816 --- [-server-worker3] d.b.mongo.backend.AbstractMongoBackend   : created database test
2024-07-31T14:11:46.279-04:00  INFO 39816 --- [-server-worker3] d.b.mongo.backend.AbstractMongoDatabase  : adding unique _id index for collection employee
2024-07-31T14:11:46.286-04:00  INFO 39816 --- [-server-worker3] d.b.mongo.backend.AbstractMongoDatabase  : created collection test.employee
2024-07-31T14:11:46.720-04:00  INFO 39816 --- [    Test worker] o.s.b.w.embedded.tomcat.TomcatWebServer  : Tomcat started on port 63437 (http) with context path ''
2024-07-31T14:11:46.730-04:00  INFO 39816 --- [    Test worker] c.m.c.s.impl.EmployeeServiceImplTest     : Started EmployeeServiceImplTest in 3.614 seconds (process running for 4.855)
2024-07-31T14:11:47.704-04:00  INFO 39816 --- [o-auto-1-exec-1] o.a.c.c.C.[Tomcat].[localhost].[/]       : Initializing Spring DispatcherServlet 'dispatcherServlet'
2024-07-31T14:11:47.704-04:00  INFO 39816 --- [o-auto-1-exec-1] o.s.web.servlet.DispatcherServlet        : Initializing Servlet 'dispatcherServlet'
2024-07-31T14:11:47.705-04:00  INFO 39816 --- [o-auto-1-exec-1] o.s.web.servlet.DispatcherServlet        : Completed initialization in 1 ms
2024-07-31T14:11:47.766-04:00 DEBUG 39816 --- [o-auto-1-exec-1] c.m.c.controller.EmployeeController      : Received employee create request for [John Doe (null)]
2024-07-31T14:11:47.766-04:00 DEBUG 39816 --- [o-auto-1-exec-1] c.m.c.service.impl.EmployeeServiceImpl   : Creating employee [John Doe (null)]
2024-07-31T14:11:47.799-04:00 DEBUG 39816 --- [o-auto-1-exec-2] c.m.c.controller.EmployeeController      : Received employee read request for id [cfa75f21-c35d-4d97-87a9-ad64a8fa7e2b]
2024-07-31T14:11:47.799-04:00 DEBUG 39816 --- [o-auto-1-exec-2] c.m.c.service.impl.EmployeeServiceImpl   : Retrieving employee with id [cfa75f21-c35d-4d97-87a9-ad64a8fa7e2b]
2024-07-31T14:11:47.888-04:00 DEBUG 39816 --- [o-auto-1-exec-3] c.m.c.controller.EmployeeController      : Received employee update request for id [cfa75f21-c35d-4d97-87a9-ad64a8fa7e2b] and employee [John Doe (cfa75f21-c35d-4d97-87a9-ad64a8fa7e2b)]
2024-07-31T14:11:47.889-04:00 DEBUG 39816 --- [o-auto-1-exec-3] c.m.c.service.impl.EmployeeServiceImpl   : Updating employee [John Doe (cfa75f21-c35d-4d97-87a9-ad64a8fa7e2b)]
]]></system-out>
  <system-err><![CDATA[]]></system-err>
</testsuite>
